#Timing report of worst 4 path(s)
# Unit scale: 1e-09 seconds
# Output precision: 3

#Path 1
Startpoint: a[0].inpad[0] (.input clocked by virtual_io_clock)
Endpoint  : out:out[1].outpad[0] (.output clocked by virtual_io_clock)
Path Type : setup

Point                                                             Incr      Path
--------------------------------------------------------------------------------
clock virtual_io_clock (rise edge)                               0.000     0.000
clock source latency                                             0.000     0.000
input external delay                                             0.000     0.000
a[0].inpad[0] (.input)                                           0.000     0.000
out[1].in[2] (.names)                                            0.287     0.287
out[1].out[0] (.names)                                           0.261     0.548
out:out[1].outpad[0] (.output)                                   1.492     2.040
data arrival time                                                          2.040

clock virtual_io_clock (rise edge)                               0.000     0.000
clock source latency                                             0.000     0.000
clock uncertainty                                                0.000     0.000
output external delay                                            0.000     0.000
data required time                                                         0.000
--------------------------------------------------------------------------------
data required time                                                         0.000
data arrival time                                                         -2.040
--------------------------------------------------------------------------------
slack (VIOLATED)                                                          -2.040


#Path 2
Startpoint: a[0].inpad[0] (.input clocked by virtual_io_clock)
Endpoint  : out:out[0].outpad[0] (.output clocked by virtual_io_clock)
Path Type : setup

Point                                                             Incr      Path
--------------------------------------------------------------------------------
clock virtual_io_clock (rise edge)                               0.000     0.000
clock source latency                                             0.000     0.000
input external delay                                             0.000     0.000
a[0].inpad[0] (.input)                                           0.000     0.000
out[0].in[1] (.names)                                            0.287     0.287
out[0].out[0] (.names)                                           0.235     0.522
out:out[0].outpad[0] (.output)                                   1.343     1.864
data arrival time                                                          1.864

clock virtual_io_clock (rise edge)                               0.000     0.000
clock source latency                                             0.000     0.000
clock uncertainty                                                0.000     0.000
output external delay                                            0.000     0.000
data required time                                                         0.000
--------------------------------------------------------------------------------
data required time                                                         0.000
data arrival time                                                         -1.864
--------------------------------------------------------------------------------
slack (VIOLATED)                                                          -1.864


#Path 3
Startpoint: c[1].inpad[0] (.input clocked by virtual_io_clock)
Endpoint  : out:out[3].outpad[0] (.output clocked by virtual_io_clock)
Path Type : setup

Point                                                             Incr      Path
--------------------------------------------------------------------------------
clock virtual_io_clock (rise edge)                               0.000     0.000
clock source latency                                             0.000     0.000
input external delay                                             0.000     0.000
c[1].inpad[0] (.input)                                           0.000     0.000
out[3].in[0] (.names)                                            0.287     0.287
out[3].out[0] (.names)                                           0.235     0.522
out:out[3].outpad[0] (.output)                                   1.265     1.787
data arrival time                                                          1.787

clock virtual_io_clock (rise edge)                               0.000     0.000
clock source latency                                             0.000     0.000
clock uncertainty                                                0.000     0.000
output external delay                                            0.000     0.000
data required time                                                         0.000
--------------------------------------------------------------------------------
data required time                                                         0.000
data arrival time                                                         -1.787
--------------------------------------------------------------------------------
slack (VIOLATED)                                                          -1.787


#Path 4
Startpoint: c[1].inpad[0] (.input clocked by virtual_io_clock)
Endpoint  : out:out[2].outpad[0] (.output clocked by virtual_io_clock)
Path Type : setup

Point                                                             Incr      Path
--------------------------------------------------------------------------------
clock virtual_io_clock (rise edge)                               0.000     0.000
clock source latency                                             0.000     0.000
input external delay                                             0.000     0.000
c[1].inpad[0] (.input)                                           0.000     0.000
out[2].in[1] (.names)                                            0.287     0.287
out[2].out[0] (.names)                                           0.261     0.548
out:out[2].outpad[0] (.output)                                   0.343     0.891
data arrival time                                                          0.891

clock virtual_io_clock (rise edge)                               0.000     0.000
clock source latency                                             0.000     0.000
clock uncertainty                                                0.000     0.000
output external delay                                            0.000     0.000
data required time                                                         0.000
--------------------------------------------------------------------------------
data required time                                                         0.000
data arrival time                                                         -0.891
--------------------------------------------------------------------------------
slack (VIOLATED)                                                          -0.891


#End of timing report
