#Packing pin usage report
Type: io
	Input Pin Usage:
		Max: 1.00 (1.00)
		Avg: 0.40 (0.40)
		Min: 0.00 (0.00)
		Histogram:
		[        0:      0.1) 6 ( 60.0%) |*************************************************
		[      0.1:      0.2) 0 (  0.0%) |
		[      0.2:      0.3) 0 (  0.0%) |
		[      0.3:      0.4) 0 (  0.0%) |
		[      0.4:      0.5) 0 (  0.0%) |
		[      0.5:      0.6) 0 (  0.0%) |
		[      0.6:      0.7) 0 (  0.0%) |
		[      0.7:      0.8) 0 (  0.0%) |
		[      0.8:      0.9) 0 (  0.0%) |
		[      0.9:        1) 4 ( 40.0%) |*********************************
	Output Pin Usage:
		Max: 1.00 (1.00)
		Avg: 0.60 (0.60)
		Min: 0.00 (0.00)
		Histogram:
		[        0:      0.1) 4 ( 40.0%) |*********************************
		[      0.1:      0.2) 0 (  0.0%) |
		[      0.2:      0.3) 0 (  0.0%) |
		[      0.3:      0.4) 0 (  0.0%) |
		[      0.4:      0.5) 0 (  0.0%) |
		[      0.5:      0.6) 0 (  0.0%) |
		[      0.6:      0.7) 0 (  0.0%) |
		[      0.7:      0.8) 0 (  0.0%) |
		[      0.8:      0.9) 0 (  0.0%) |
		[      0.9:        1) 6 ( 60.0%) |*************************************************

Type: clb
	Input Pin Usage:
		Max: 6.00 (0.14)
		Avg: 6.00 (0.14)
		Min: 6.00 (0.14)
		Histogram:
		[        0:      4.2) 0 (  0.0%) |
		[      4.2:      8.4) 1 (100.0%) |**************************************************
		[      8.4:       13) 0 (  0.0%) |
		[       13:       17) 0 (  0.0%) |
		[       17:       21) 0 (  0.0%) |
		[       21:       25) 0 (  0.0%) |
		[       25:       29) 0 (  0.0%) |
		[       29:       34) 0 (  0.0%) |
		[       34:       38) 0 (  0.0%) |
		[       38:       42) 0 (  0.0%) |
	Output Pin Usage:
		Max: 4.00 (0.19)
		Avg: 4.00 (0.19)
		Min: 4.00 (0.19)
		Histogram:
		[        0:      2.1) 0 (  0.0%) |
		[      2.1:      4.2) 1 (100.0%) |**************************************************
		[      4.2:      6.3) 0 (  0.0%) |
		[      6.3:      8.4) 0 (  0.0%) |
		[      8.4:       10) 0 (  0.0%) |
		[       10:       13) 0 (  0.0%) |
		[       13:       15) 0 (  0.0%) |
		[       15:       17) 0 (  0.0%) |
		[       17:       19) 0 (  0.0%) |
		[       19:       21) 0 (  0.0%) |

