* * * * * * * * * * * * * * * * * * * * 
RunDirectory : /home/ahmad/OpenFPGA_work/lab4/run002
python3 /home/ahmad/Desktop/Git/OpenFPGA/openfpga_flow/scripts/run_fpga_flow.py /home/ahmad/OpenFPGA_work/lab4/arch/k6_frac_N10_40nm.xml /home/ahmad/OpenFPGA_work/lab4/micro_benchmark/and2/and2.v --top_module and2 --run_dir /home/ahmad/OpenFPGA_work/lab4/run002/k6_frac_N10_40nm/and2/MIN_ROUTE_CHAN_WIDTH --fpga_flow yosys_vpr --openfpga_shell_template /home/ahmad/OpenFPGA_work/lab4/example_script.openfpga --openfpga_arch_file /home/ahmad/OpenFPGA_work/lab4/arch/k6_frac_N10_40nm_openfpga.xml --openfpga_sim_setting_file /home/ahmad/Desktop/Git/OpenFPGA/openfpga_flow/openfpga_simulation_settings/fixed_sim_openfpga.xml --power --power_tech /home/ahmad/Desktop/Git/OpenFPGA/openfpga_flow/tech/PTM_45nm/45nm.xml --vpr_fpga_verilog --vpr_fpga_verilog_dir /home/ahmad/OpenFPGA_work/lab4/run002/k6_frac_N10_40nm/and2/MIN_ROUTE_CHAN_WIDTH --vpr_fpga_x2p_rename_illegal_port --flow_config /home/ahmad/OpenFPGA_work/lab4/config/task.conf --TOP and2
* * * * * * * * * * * * * * * * * * * * 
INFO - Validating command line arguments
INFO - Run directory : /home/ahmad/OpenFPGA_work/lab4/run002/k6_frac_N10_40nm/and2/MIN_ROUTE_CHAN_WIDTH
INFO - Running "yosys_vpr" Flow
INFO - Extracted lut_size size from arch XML = 6
INFO - Running Yosys with lut_size = 6
INFO - Launching Run yosys 
INFO - Run yosys is written in file yosys_output.log
INFO - ACE2 output is written in file and2_ace2_output.txt
INFO - blif_3args output is written in file and2_blif_3args_output.txt
INFO - Launching Yosys 
INFO - Yosys is written in file yosys_rewrite.log
INFO - Running OpenFPGA Shell Engine 
INFO - Launching OpenFPGA Shell Run 
INFO - OpenFPGAShell Revision: 0963c20 Compiled: 2023-07-18T12:59:01
INFO - OpenFPGA Shell Run is written in file openfpgashell.log
INFO - vpr result extracted in file vpr_stat.result
INFO - Openfpga_flow completed, Total Time Taken 1 Sec  VPR Time 0 Sec  
