#Timing report of worst 4 path(s)
# Unit scale: 1e-09 seconds
# Output precision: 3

#Path 1
Startpoint: a[0].inpad[0] (.input clocked by virtual_io_clock)
Endpoint  : out:out[0].outpad[0] (.output clocked by virtual_io_clock)
Path Type : hold

Point                                                             Incr      Path
--------------------------------------------------------------------------------
clock virtual_io_clock (rise edge)                               0.000     0.000
clock source latency                                             0.000     0.000
input external delay                                             0.000     0.000
a[0].inpad[0] (.input)                                           0.000     0.000
out[0].in[1] (.names)                                            0.291     0.291
out[0].out[0] (.names)                                           0.235     0.526
out:out[0].outpad[0] (.output)                                   0.432     0.958
data arrival time                                                          0.958

clock virtual_io_clock (rise edge)                               0.000     0.000
clock source latency                                             0.000     0.000
clock uncertainty                                                0.000     0.000
output external delay                                            0.000     0.000
data required time                                                         0.000
--------------------------------------------------------------------------------
data required time                                                        -0.000
data arrival time                                                          0.958
--------------------------------------------------------------------------------
slack (MET)                                                                0.958


#Path 2
Startpoint: a[0].inpad[0] (.input clocked by virtual_io_clock)
Endpoint  : out:out[3].outpad[0] (.output clocked by virtual_io_clock)
Path Type : hold

Point                                                             Incr      Path
--------------------------------------------------------------------------------
clock virtual_io_clock (rise edge)                               0.000     0.000
clock source latency                                             0.000     0.000
input external delay                                             0.000     0.000
a[0].inpad[0] (.input)                                           0.000     0.000
out[3].in[2] (.names)                                            0.291     0.291
out[3].out[0] (.names)                                           0.235     0.526
out:out[3].outpad[0] (.output)                                   0.483     1.009
data arrival time                                                          1.009

clock virtual_io_clock (rise edge)                               0.000     0.000
clock source latency                                             0.000     0.000
clock uncertainty                                                0.000     0.000
output external delay                                            0.000     0.000
data required time                                                         0.000
--------------------------------------------------------------------------------
data required time                                                        -0.000
data arrival time                                                          1.009
--------------------------------------------------------------------------------
slack (MET)                                                                1.009


#Path 3
Startpoint: a[0].inpad[0] (.input clocked by virtual_io_clock)
Endpoint  : out:out[1].outpad[0] (.output clocked by virtual_io_clock)
Path Type : hold

Point                                                             Incr      Path
--------------------------------------------------------------------------------
clock virtual_io_clock (rise edge)                               0.000     0.000
clock source latency                                             0.000     0.000
input external delay                                             0.000     0.000
a[0].inpad[0] (.input)                                           0.000     0.000
out[1].in[2] (.names)                                            0.291     0.291
out[1].out[0] (.names)                                           0.261     0.552
out:out[1].outpad[0] (.output)                                   0.520     1.072
data arrival time                                                          1.072

clock virtual_io_clock (rise edge)                               0.000     0.000
clock source latency                                             0.000     0.000
clock uncertainty                                                0.000     0.000
output external delay                                            0.000     0.000
data required time                                                         0.000
--------------------------------------------------------------------------------
data required time                                                        -0.000
data arrival time                                                          1.072
--------------------------------------------------------------------------------
slack (MET)                                                                1.072


#Path 4
Startpoint: a[0].inpad[0] (.input clocked by virtual_io_clock)
Endpoint  : out:out[2].outpad[0] (.output clocked by virtual_io_clock)
Path Type : hold

Point                                                             Incr      Path
--------------------------------------------------------------------------------
clock virtual_io_clock (rise edge)                               0.000     0.000
clock source latency                                             0.000     0.000
input external delay                                             0.000     0.000
a[0].inpad[0] (.input)                                           0.000     0.000
out[2].in[3] (.names)                                            0.291     0.291
out[2].out[0] (.names)                                           0.261     0.552
out:out[2].outpad[0] (.output)                                   0.665     1.217
data arrival time                                                          1.217

clock virtual_io_clock (rise edge)                               0.000     0.000
clock source latency                                             0.000     0.000
clock uncertainty                                                0.000     0.000
output external delay                                            0.000     0.000
data required time                                                         0.000
--------------------------------------------------------------------------------
data required time                                                        -0.000
data arrival time                                                          1.217
--------------------------------------------------------------------------------
slack (MET)                                                                1.217


#End of timing report
