#Timing report of worst 2 path(s)
# Unit scale: 1e-09 seconds
# Output precision: 3

#Path 1
Startpoint: b[0].inpad[0] (.input clocked by virtual_io_clock)
Endpoint  : out:out[1].outpad[0] (.output clocked by virtual_io_clock)
Path Type : hold

Point                                                             Incr      Path
--------------------------------------------------------------------------------
clock virtual_io_clock (rise edge)                               0.000     0.000
clock source latency                                             0.000     0.000
input external delay                                             0.000     0.000
b[0].inpad[0] (.input)                                           0.000     0.000
out[1].in[1] (.names)                                            0.149     0.149
out[1].out[0] (.names)                                           0.261     0.410
out:out[1].outpad[0] (.output)                                   0.841     1.251
data arrival time                                                          1.251

clock virtual_io_clock (rise edge)                               0.000     0.000
clock source latency                                             0.000     0.000
clock uncertainty                                                0.000     0.000
output external delay                                            0.000     0.000
data required time                                                         0.000
--------------------------------------------------------------------------------
data required time                                                        -0.000
data arrival time                                                          1.251
--------------------------------------------------------------------------------
slack (MET)                                                                1.251


#Path 2
Startpoint: b[0].inpad[0] (.input clocked by virtual_io_clock)
Endpoint  : out:out[0].outpad[0] (.output clocked by virtual_io_clock)
Path Type : hold

Point                                                             Incr      Path
--------------------------------------------------------------------------------
clock virtual_io_clock (rise edge)                               0.000     0.000
clock source latency                                             0.000     0.000
input external delay                                             0.000     0.000
b[0].inpad[0] (.input)                                           0.000     0.000
out[0].in[0] (.names)                                            0.149     0.149
out[0].out[0] (.names)                                           0.235     0.384
out:out[0].outpad[0] (.output)                                   1.380     1.763
data arrival time                                                          1.763

clock virtual_io_clock (rise edge)                               0.000     0.000
clock source latency                                             0.000     0.000
clock uncertainty                                                0.000     0.000
output external delay                                            0.000     0.000
data required time                                                         0.000
--------------------------------------------------------------------------------
data required time                                                        -0.000
data arrival time                                                          1.763
--------------------------------------------------------------------------------
slack (MET)                                                                1.763


#End of timing report
