#Timing report of worst 3 path(s)
# Unit scale: 1e-09 seconds
# Output precision: 3

#Path 1
Startpoint: b.inpad[0] (.input clocked by clk)
Endpoint  : d.D[0] (.latch clocked by clk)
Path Type : setup

Point                                                             Incr      Path
--------------------------------------------------------------------------------
clock clk (rise edge)                                            0.000     0.000
clock source latency                                             0.000     0.000
input external delay                                             0.000     0.000
b.inpad[0] (.input)                                              0.000     0.000
c.in[0] (.names)                                                 0.337     0.337
c.out[0] (.names)                                                0.261     0.598
d.D[0] (.latch)                                                  0.361     0.959
data arrival time                                                          0.959

clock clk (rise edge)                                            0.000     0.000
clock source latency                                             0.000     0.000
clk.inpad[0] (.input)                                            0.000     0.000
d.clk[0] (.latch)                                                0.241     0.241
clock uncertainty                                                0.000     0.241
cell setup time                                                 -0.066     0.175
data required time                                                         0.175
--------------------------------------------------------------------------------
data required time                                                         0.175
data arrival time                                                         -0.959
--------------------------------------------------------------------------------
slack (VIOLATED)                                                          -0.784


#Path 2
Startpoint: b.inpad[0] (.input clocked by clk)
Endpoint  : out:c.outpad[0] (.output clocked by clk)
Path Type : setup

Point                                                             Incr      Path
--------------------------------------------------------------------------------
clock clk (rise edge)                                            0.000     0.000
clock source latency                                             0.000     0.000
input external delay                                             0.000     0.000
b.inpad[0] (.input)                                              0.000     0.000
c.in[0] (.names)                                                 0.337     0.337
c.out[0] (.names)                                                0.261     0.598
out:c.outpad[0] (.output)                                        0.174     0.772
data arrival time                                                          0.772

clock clk (rise edge)                                            0.000     0.000
clock source latency                                             0.000     0.000
clock uncertainty                                                0.000     0.000
output external delay                                            0.000     0.000
data required time                                                         0.000
--------------------------------------------------------------------------------
data required time                                                         0.000
data arrival time                                                         -0.772
--------------------------------------------------------------------------------
slack (VIOLATED)                                                          -0.772


#Path 3
Startpoint: d.Q[0] (.latch clocked by clk)
Endpoint  : out:d.outpad[0] (.output clocked by clk)
Path Type : setup

Point                                                             Incr      Path
--------------------------------------------------------------------------------
clock clk (rise edge)                                            0.000     0.000
clock source latency                                             0.000     0.000
clk.inpad[0] (.input)                                            0.000     0.000
d.clk[0] (.latch)                                                0.241     0.241
d.Q[0] (.latch) [clock-to-output]                                0.124     0.365
out:d.outpad[0] (.output)                                        0.258     0.623
data arrival time                                                          0.623

clock clk (rise edge)                                            0.000     0.000
clock source latency                                             0.000     0.000
clock uncertainty                                                0.000     0.000
output external delay                                            0.000     0.000
data required time                                                         0.000
--------------------------------------------------------------------------------
data required time                                                         0.000
data arrival time                                                         -0.623
--------------------------------------------------------------------------------
slack (VIOLATED)                                                          -0.623


#End of timing report
