#Packing pin usage report
Type: io
	Input Pin Usage:
		Max: 1.00 (1.00)
		Avg: 0.40 (0.40)
		Min: 0.00 (0.00)
		Histogram:
		[        0:      0.1) 6 ( 60.0%) |*************************************************
		[      0.1:      0.2) 0 (  0.0%) |
		[      0.2:      0.3) 0 (  0.0%) |
		[      0.3:      0.4) 0 (  0.0%) |
		[      0.4:      0.5) 0 (  0.0%) |
		[      0.5:      0.6) 0 (  0.0%) |
		[      0.6:      0.7) 0 (  0.0%) |
		[      0.7:      0.8) 0 (  0.0%) |
		[      0.8:      0.9) 0 (  0.0%) |
		[      0.9:        1) 4 ( 40.0%) |*********************************
	Output Pin Usage:
		Max: 1.00 (1.00)
		Avg: 0.60 (0.60)
		Min: 0.00 (0.00)
		Histogram:
		[        0:      0.1) 4 ( 40.0%) |*********************************
		[      0.1:      0.2) 0 (  0.0%) |
		[      0.2:      0.3) 0 (  0.0%) |
		[      0.3:      0.4) 0 (  0.0%) |
		[      0.4:      0.5) 0 (  0.0%) |
		[      0.5:      0.6) 0 (  0.0%) |
		[      0.6:      0.7) 0 (  0.0%) |
		[      0.7:      0.8) 0 (  0.0%) |
		[      0.8:      0.9) 0 (  0.0%) |
		[      0.9:        1) 6 ( 60.0%) |*************************************************

Type: clb
	Input Pin Usage:
		Max: 6.00 (0.15)
		Avg: 6.00 (0.15)
		Min: 6.00 (0.15)
		Histogram:
		[        0:      4.1) 0 (  0.0%) |
		[      4.1:      8.2) 1 (100.0%) |**************************************************
		[      8.2:       12) 0 (  0.0%) |
		[       12:       16) 0 (  0.0%) |
		[       16:       20) 0 (  0.0%) |
		[       20:       25) 0 (  0.0%) |
		[       25:       29) 0 (  0.0%) |
		[       29:       33) 0 (  0.0%) |
		[       33:       37) 0 (  0.0%) |
		[       37:       41) 0 (  0.0%) |
	Output Pin Usage:
		Max: 4.00 (0.20)
		Avg: 4.00 (0.20)
		Min: 4.00 (0.20)
		Histogram:
		[        0:        2) 0 (  0.0%) |
		[        2:        4) 1 (100.0%) |**************************************************
		[        4:        6) 0 (  0.0%) |
		[        6:        8) 0 (  0.0%) |
		[        8:       10) 0 (  0.0%) |
		[       10:       12) 0 (  0.0%) |
		[       12:       14) 0 (  0.0%) |
		[       14:       16) 0 (  0.0%) |
		[       16:       18) 0 (  0.0%) |
		[       18:       20) 0 (  0.0%) |

