#Timing report of worst 4 path(s)
# Unit scale: 1e-09 seconds
# Output precision: 3

#Path 1
Startpoint: c[0].inpad[0] (.input clocked by virtual_io_clock)
Endpoint  : out:out[2].outpad[0] (.output clocked by virtual_io_clock)
Path Type : hold

Point                                                             Incr      Path
--------------------------------------------------------------------------------
clock virtual_io_clock (rise edge)                               0.000     0.000
clock source latency                                             0.000     0.000
input external delay                                             0.000     0.000
c[0].inpad[0] (.input)                                           0.000     0.000
out[2].in[0] (.names)                                            0.149     0.149
out[2].out[0] (.names)                                           0.261     0.410
out:out[2].outpad[0] (.output)                                   0.305     0.714
data arrival time                                                          0.714

clock virtual_io_clock (rise edge)                               0.000     0.000
clock source latency                                             0.000     0.000
clock uncertainty                                                0.000     0.000
output external delay                                            0.000     0.000
data required time                                                         0.000
--------------------------------------------------------------------------------
data required time                                                        -0.000
data arrival time                                                          0.714
--------------------------------------------------------------------------------
slack (MET)                                                                0.714


#Path 2
Startpoint: b[0].inpad[0] (.input clocked by virtual_io_clock)
Endpoint  : out:out[3].outpad[0] (.output clocked by virtual_io_clock)
Path Type : hold

Point                                                             Incr      Path
--------------------------------------------------------------------------------
clock virtual_io_clock (rise edge)                               0.000     0.000
clock source latency                                             0.000     0.000
input external delay                                             0.000     0.000
b[0].inpad[0] (.input)                                           0.000     0.000
out[3].in[1] (.names)                                            0.149     0.149
out[3].out[0] (.names)                                           0.235     0.384
out:out[3].outpad[0] (.output)                                   1.226     1.609
data arrival time                                                          1.609

clock virtual_io_clock (rise edge)                               0.000     0.000
clock source latency                                             0.000     0.000
clock uncertainty                                                0.000     0.000
output external delay                                            0.000     0.000
data required time                                                         0.000
--------------------------------------------------------------------------------
data required time                                                        -0.000
data arrival time                                                          1.609
--------------------------------------------------------------------------------
slack (MET)                                                                1.609


#Path 3
Startpoint: b[0].inpad[0] (.input clocked by virtual_io_clock)
Endpoint  : out:out[0].outpad[0] (.output clocked by virtual_io_clock)
Path Type : hold

Point                                                             Incr      Path
--------------------------------------------------------------------------------
clock virtual_io_clock (rise edge)                               0.000     0.000
clock source latency                                             0.000     0.000
input external delay                                             0.000     0.000
b[0].inpad[0] (.input)                                           0.000     0.000
out[0].in[0] (.names)                                            0.149     0.149
out[0].out[0] (.names)                                           0.235     0.384
out:out[0].outpad[0] (.output)                                   1.304     1.687
data arrival time                                                          1.687

clock virtual_io_clock (rise edge)                               0.000     0.000
clock source latency                                             0.000     0.000
clock uncertainty                                                0.000     0.000
output external delay                                            0.000     0.000
data required time                                                         0.000
--------------------------------------------------------------------------------
data required time                                                        -0.000
data arrival time                                                          1.687
--------------------------------------------------------------------------------
slack (MET)                                                                1.687


#Path 4
Startpoint: c[0].inpad[0] (.input clocked by virtual_io_clock)
Endpoint  : out:out[1].outpad[0] (.output clocked by virtual_io_clock)
Path Type : hold

Point                                                             Incr      Path
--------------------------------------------------------------------------------
clock virtual_io_clock (rise edge)                               0.000     0.000
clock source latency                                             0.000     0.000
input external delay                                             0.000     0.000
c[0].inpad[0] (.input)                                           0.000     0.000
out[1].in[0] (.names)                                            0.149     0.149
out[1].out[0] (.names)                                           0.261     0.410
out:out[1].outpad[0] (.output)                                   1.453     1.863
data arrival time                                                          1.863

clock virtual_io_clock (rise edge)                               0.000     0.000
clock source latency                                             0.000     0.000
clock uncertainty                                                0.000     0.000
output external delay                                            0.000     0.000
data required time                                                         0.000
--------------------------------------------------------------------------------
data required time                                                        -0.000
data arrival time                                                          1.863
--------------------------------------------------------------------------------
slack (MET)                                                                1.863


#End of timing report
