#Timing report of worst 3 path(s)
# Unit scale: 1e-09 seconds
# Output precision: 3

#Path 1
Startpoint: a.inpad[0] (.input clocked by clk)
Endpoint  : d.D[0] (.latch clocked by clk)
Path Type : hold

Point                                                             Incr      Path
--------------------------------------------------------------------------------
clock clk (rise edge)                                            0.000     0.000
clock source latency                                             0.000     0.000
input external delay                                             0.000     0.000
a.inpad[0] (.input)                                              0.000     0.000
c.in[1] (.names)                                                 0.136     0.136
c.out[0] (.names)                                                0.261     0.397
d.D[0] (.latch)                                                  0.000     0.397
data arrival time                                                          0.397

clock clk (rise edge)                                            0.000     0.000
clock source latency                                             0.000     0.000
clk.inpad[0] (.input)                                            0.000     0.000
d.clk[0] (.latch)                                                0.199     0.199
clock uncertainty                                                0.000     0.199
cell hold time                                                   0.066     0.265
data required time                                                         0.265
--------------------------------------------------------------------------------
data required time                                                        -0.265
data arrival time                                                          0.397
--------------------------------------------------------------------------------
slack (MET)                                                                0.132


#Path 2
Startpoint: d.Q[0] (.latch clocked by clk)
Endpoint  : out:d.outpad[0] (.output clocked by clk)
Path Type : hold

Point                                                             Incr      Path
--------------------------------------------------------------------------------
clock clk (rise edge)                                            0.000     0.000
clock source latency                                             0.000     0.000
clk.inpad[0] (.input)                                            0.000     0.000
d.clk[0] (.latch)                                                0.199     0.199
d.Q[0] (.latch) [clock-to-output]                                0.124     0.323
out:d.outpad[0] (.output)                                        0.199     0.522
data arrival time                                                          0.522

clock clk (rise edge)                                            0.000     0.000
clock source latency                                             0.000     0.000
clock uncertainty                                                0.000     0.000
output external delay                                            0.000     0.000
data required time                                                         0.000
--------------------------------------------------------------------------------
data required time                                                        -0.000
data arrival time                                                          0.522
--------------------------------------------------------------------------------
slack (MET)                                                                0.522


#Path 3
Startpoint: a.inpad[0] (.input clocked by clk)
Endpoint  : out:c.outpad[0] (.output clocked by clk)
Path Type : hold

Point                                                             Incr      Path
--------------------------------------------------------------------------------
clock clk (rise edge)                                            0.000     0.000
clock source latency                                             0.000     0.000
input external delay                                             0.000     0.000
a.inpad[0] (.input)                                              0.000     0.000
c.in[1] (.names)                                                 0.136     0.136
c.out[0] (.names)                                                0.261     0.397
out:c.outpad[0] (.output)                                        0.136     0.532
data arrival time                                                          0.532

clock clk (rise edge)                                            0.000     0.000
clock source latency                                             0.000     0.000
clock uncertainty                                                0.000     0.000
output external delay                                            0.000     0.000
data required time                                                         0.000
--------------------------------------------------------------------------------
data required time                                                        -0.000
data arrival time                                                          0.532
--------------------------------------------------------------------------------
slack (MET)                                                                0.532


#End of timing report
